[35m[Appium][39m Welcome to Appium v2.5.1
[35m[Appium][39m Non-default server args:
[35m[Appium][39m { basePath: [32m'/wd/hub'[39m, loglevel: [32m'info'[39m, port: [33m59460[39m }
[35m[Appium][39m Attempting to load driver uiautomator2...
[35m[Appium][39m Appium REST http interface listener started on http://0.0.0.0:59460/wd/hub
[35m[Appium][39m You can provide the following URLs in your client code to connect to this server:
[35m[Appium][39m 	http://192.168.31.113:59460/wd/hub
[35m[Appium][39m 	http://127.0.0.1:59460/wd/hub (only accessible from the same host)
[35m[Appium][39m Available drivers:
[35m[Appium][39m   - uiautomator2@3.0.0 (automationName 'UiAutomator2')
[35m[Appium][39m No plugins have been installed. Use the "appium plugin" command to install the one(s) you want to use.
[38;5;0m[HTTP][0m [37m-->[39m [37mGET[39m [37m/wd/hub/status[39m
[38;5;0m[HTTP][0m [90m{}[39m
[38;5;0m[HTTP][0m [37m<-- GET /wd/hub/status [39m[32m200[39m [90m7 ms - 110[39m
[38;5;0m[HTTP][0m [90m[39m
[38;5;0m[HTTP][0m [37m-->[39m [37mGET[39m [37m/wd/hub/status[39m
[38;5;0m[HTTP][0m [90m{}[39m
[38;5;0m[HTTP][0m [37m<-- GET /wd/hub/status [39m[32m200[39m [90m2 ms - 110[39m
[38;5;0m[HTTP][0m [90m[39m
[38;5;0m[HTTP][0m [37m-->[39m [37mPOST[39m [37m/wd/hub/session[39m
[38;5;0m[HTTP][0m [90m{"desiredCapabilities":{"appium:systemPort":59558,"appium:newCommandTimeout":1800,"appium:automationName":"uiautomator2","appium:fullReset":false,"appium:platformVersion":"13","appium:noReset":true,"appium:udid":"6927437c","appium:autoGrantPermissions":true,"appium:platformName":"ANDROID","appium:deviceName":"Xiaomi 2201117TY (Android 13)","platformName":"Android","appium:app":"C:\\Users\\Andika\\Downloads\\APIDemos.apk"},"capabilities":{"firstMatch":[{"appium:app":"C:\\Users\\Andika\\Downloads\\APIDemos.apk","appium:autoGrantPermissions":true,"appium:automationName":"uiautomator2","appium:deviceName":"Xiaomi 2201117TY (Android 13)","appium:fullReset":false,"appium:newCommandTimeout":1800,"appium:noReset":true,"appium:platformName":"ANDROID","appium:platformVersion":"13","appium:systemPort":59558,"appium:udid":"6927437c","platformName":"android"}]}}[39m
[38;5;32m[BaseDriver][0m Ignoring capability 'appium:platformName=ANDROID' and using capability 'platformName=android'
[38;5;32m[BaseDriver][0m The capabilities ["platformName"] are standard capabilities and do not require "appium:" prefix
[35m[Appium][39m Attempting to find matching driver for automationName 'uiautomator2' and platformName 'android'
[35m[Appium][39m The 'uiautomator2' driver was installed and matched caps.
[35m[Appium][39m Will require it at C:\Users\Andika\.appium\node_modules\appium-uiautomator2-driver
[38;5;16m[AppiumDriver@0636][0m Appium v2.5.1 creating new AndroidUiautomator2Driver (v3.0.0) session
[38;5;16m[AppiumDriver@0636][0m Checking BaseDriver versions for Appium and AndroidUiautomator2Driver
[38;5;16m[AppiumDriver@0636][0m Appium's BaseDriver version is 9.5.2
[38;5;16m[AppiumDriver@0636][0m AndroidUiautomator2Driver's BaseDriver version is 9.5.2
[38;5;48m[AndroidUiautomator2Driver@6f8e (a6b4f264)][0m Session created with session id: a6b4f264-70f6-4bbc-ae6f-1347073217c5
[38;5;64m[ADB][0m Found 4 'build-tools' folders under 'C:\Users\Andika\AppData\Local\Android\Sdk' (newest first):
[38;5;64m[ADB][0m     C:\Users\Andika\AppData\Local\Android\Sdk\build-tools\31.0.0
[38;5;64m[ADB][0m     C:\Users\Andika\AppData\Local\Android\Sdk\build-tools\30.0.3
[38;5;64m[ADB][0m     C:\Users\Andika\AppData\Local\Android\Sdk\build-tools\29.0.2
[38;5;64m[ADB][0m     C:\Users\Andika\AppData\Local\Android\Sdk\build-tools\26.0.2
[38;5;64m[ADB][0m Using 'adb.exe' from 'C:\Users\Andika\AppData\Local\Android\Sdk\platform-tools\adb.exe'
[38;5;48m[AndroidUiautomator2Driver@6f8e (a6b4f264)][0m Retrieving device list
[38;5;48m[AndroidUiautomator2Driver@6f8e (a6b4f264)][0m Using device: 6927437c
[38;5;64m[ADB][0m Using 'adb.exe' from 'C:\Users\Andika\AppData\Local\Android\Sdk\platform-tools\adb.exe'
[38;5;32m[BaseDriver][0m Using local app 'C:\Users\Andika\Downloads\APIDemos.apk'
[38;5;64m[ADB][0m Getting device platform version
[38;5;48m[AndroidUiautomator2Driver@6f8e (a6b4f264)][0m Relaxing hidden api policy
[38;5;64m[ADB][0m Package name: 'io.appium.android.apis'
[38;5;64m[ADB][0m Main activity name: 'io.appium.android.apis.ApiDemos'
[38;5;64m[ADB][0m Using 'apksigner.jar' from 'C:\Users\Andika\AppData\Local\Android\Sdk\build-tools\31.0.0\lib\apksigner.jar'
[38;5;64m[ADB][0m 'C:\Users\Andika\.appium\node_modules\appium-uiautomator2-driver\node_modules\appium-uiautomator2-server\apks\appium-uiautomator2-server-debug-androidTest.apk' is signed with the default certificate
[38;5;64m[ADB][0m 'C:\Users\Andika\Downloads\APIDemos.apk' is signed with a non-default certificate
[38;5;64m[ADB][0m The application at 'C:\Users\Andika\Downloads\APIDemos.apk' will not be cached, because the device under test has confirmed the support of streamed installs
[38;5;64m[ADB][0m 'C:\Users\Andika\.appium\node_modules\appium-uiautomator2-driver\node_modules\appium-uiautomator2-server\apks\appium-uiautomator2-server-v7.0.0.apk' is signed with the default certificate
[38;5;48m[AndroidUiautomator2Driver@6f8e (a6b4f264)][0m Server packages are not going to be (re)installed
[38;5;64m[ADB][0m Adding packages ["io.appium.settings","io.appium.uiautomator2.server","io.appium.uiautomator2.server.test"] to Doze whitelist
[38;5;64m[ADB][0m The installation of 'APIDemos.apk' took 5354ms
[38;5;48m[AndroidUiautomator2Driver@6f8e (a6b4f264)][0m Starting UIAutomator2 server 7.0.0
[38;5;48m[AndroidUiautomator2Driver@6f8e (a6b4f264)][0m Using UIAutomator2 server from 'C:\Users\Andika\.appium\node_modules\appium-uiautomator2-driver\node_modules\appium-uiautomator2-server\apks\appium-uiautomator2-server-v7.0.0.apk' and test from 'C:\Users\Andika\.appium\node_modules\appium-uiautomator2-driver\node_modules\appium-uiautomator2-server\apks\appium-uiautomator2-server-debug-androidTest.apk'
[38;5;48m[AndroidUiautomator2Driver@6f8e (a6b4f264)][0m Waiting up to 30000ms for UiAutomator2 to be online...
[38;5;48m[AndroidUiautomator2Driver@6f8e (a6b4f264)][0m socket hang up
[38;5;48m[AndroidUiautomator2Driver@6f8e (a6b4f264)][0m socket hang up
[38;5;48m[AndroidUiautomator2Driver@6f8e (a6b4f264)][0m socket hang up
[38;5;48m[AndroidUiautomator2Driver@6f8e (a6b4f264)][0m socket hang up
[38;5;48m[AndroidUiautomator2Driver@6f8e (a6b4f264)][0m socket hang up
[38;5;48m[AndroidUiautomator2Driver@6f8e (a6b4f264)][0m Determined the downstream protocol as 'W3C'
[38;5;48m[AndroidUiautomator2Driver@6f8e (a6b4f264)][0m Screen already unlocked, doing nothing
[38;5;48m[AndroidUiautomator2Driver@6f8e (a6b4f264)][0m Starting 'io.appium.android.apis/io.appium.android.apis.ApiDemos and waiting for 'io.appium.android.apis/io.appium.android.apis.ApiDemos'
[38;5;16m[AppiumDriver@0636][0m New AndroidUiautomator2Driver session created successfully, session a6b4f264-70f6-4bbc-ae6f-1347073217c5 added to master session list
[38;5;0m[HTTP][0m [37m<-- POST /wd/hub/session [39m[32m200[39m [90m17511 ms - 1158[39m
[38;5;0m[HTTP][0m [90m[39m
[38;5;0m[HTTP][0m [37m-->[39m [37mGET[39m [37m/wd/hub/session/a6b4f264-70f6-4bbc-ae6f-1347073217c5[39m
[38;5;0m[HTTP][0m [90m{}[39m
[38;5;0m[HTTP][0m [37m<-- GET /wd/hub/session/a6b4f264-70f6-4bbc-ae6f-1347073217c5 [39m[32m200[39m [90m20 ms - 332[39m
[38;5;0m[HTTP][0m [90m[39m
[38;5;0m[HTTP][0m [37m-->[39m [37mGET[39m [37m/wd/hub/session/a6b4f264-70f6-4bbc-ae6f-1347073217c5[39m
[38;5;0m[HTTP][0m [90m{}[39m
[38;5;0m[HTTP][0m [37m<-- GET /wd/hub/session/a6b4f264-70f6-4bbc-ae6f-1347073217c5 [39m[32m200[39m [90m17 ms - 332[39m
[38;5;0m[HTTP][0m [90m[39m
[38;5;0m[HTTP][0m [37m-->[39m [37mGET[39m [37m/wd/hub/status[39m
[38;5;0m[HTTP][0m [90m{}[39m
[38;5;0m[HTTP][0m [37m<-- GET /wd/hub/status [39m[32m200[39m [90m1 ms - 110[39m
[38;5;0m[HTTP][0m [90m[39m
[38;5;0m[HTTP][0m [37m-->[39m [37mPOST[39m [37m/wd/hub/session/a6b4f264-70f6-4bbc-ae6f-1347073217c5/timeouts[39m
[38;5;0m[HTTP][0m [90m{"implicit":60000}[39m
[38;5;0m[HTTP][0m [37m<-- POST /wd/hub/session/a6b4f264-70f6-4bbc-ae6f-1347073217c5/timeouts [39m[32m200[39m [90m3 ms - 14[39m
[38;5;0m[HTTP][0m [90m[39m
[38;5;0m[HTTP][0m [37m-->[39m [37mGET[39m [37m/wd/hub/session/a6b4f264-70f6-4bbc-ae6f-1347073217c5/source[39m
[38;5;0m[HTTP][0m [90m{}[39m
[38;5;48m[AndroidUiautomator2Driver@6f8e (a6b4f264)][0m Driver proxy active, passing request on via HTTP proxy
[38;5;48m[AndroidUiautomator2Driver@6f8e (a6b4f264)][0m Replacing sessionId 632f8df1-0d43-4ad4-b840-ccd3c5dab73f with a6b4f264-70f6-4bbc-ae6f-1347073217c5
[38;5;0m[HTTP][0m [37m<-- GET /wd/hub/session/a6b4f264-70f6-4bbc-ae6f-1347073217c5/source [39m[32m200[39m [90m326 ms - 8575[39m
[38;5;0m[HTTP][0m [90m[39m
[38;5;0m[HTTP][0m [37m-->[39m [37mGET[39m [37m/wd/hub/session/a6b4f264-70f6-4bbc-ae6f-1347073217c5/screenshot[39m
[38;5;0m[HTTP][0m [90m{}[39m
[38;5;0m[HTTP][0m [37m<-- GET /wd/hub/session/a6b4f264-70f6-4bbc-ae6f-1347073217c5/screenshot [39m[32m200[39m [90m989 ms - 104416[39m
[38;5;0m[HTTP][0m [90m[39m
[38;5;0m[HTTP][0m [37m-->[39m [37mGET[39m [37m/wd/hub/session/a6b4f264-70f6-4bbc-ae6f-1347073217c5/source[39m
[38;5;0m[HTTP][0m [90m{}[39m
[38;5;48m[AndroidUiautomator2Driver@6f8e (a6b4f264)][0m Driver proxy active, passing request on via HTTP proxy
[38;5;48m[AndroidUiautomator2Driver@6f8e (a6b4f264)][0m Replacing sessionId 632f8df1-0d43-4ad4-b840-ccd3c5dab73f with a6b4f264-70f6-4bbc-ae6f-1347073217c5
[38;5;0m[HTTP][0m [37m<-- GET /wd/hub/session/a6b4f264-70f6-4bbc-ae6f-1347073217c5/source [39m[32m200[39m [90m363 ms - 8575[39m
[38;5;0m[HTTP][0m [90m[39m
[38;5;0m[HTTP][0m [37m-->[39m [37mGET[39m [37m/wd/hub/session/a6b4f264-70f6-4bbc-ae6f-1347073217c5/screenshot[39m
[38;5;0m[HTTP][0m [90m{}[39m
[38;5;0m[HTTP][0m [37m<-- GET /wd/hub/session/a6b4f264-70f6-4bbc-ae6f-1347073217c5/screenshot [39m[32m200[39m [90m1161 ms - 104416[39m
[38;5;0m[HTTP][0m [90m[39m
[38;5;0m[HTTP][0m [37m-->[39m [37mGET[39m [37m/wd/hub/session/a6b4f264-70f6-4bbc-ae6f-1347073217c5/source[39m
[38;5;0m[HTTP][0m [90m{}[39m
[38;5;48m[AndroidUiautomator2Driver@6f8e (a6b4f264)][0m Driver proxy active, passing request on via HTTP proxy
[38;5;48m[AndroidUiautomator2Driver@6f8e (a6b4f264)][0m Replacing sessionId 632f8df1-0d43-4ad4-b840-ccd3c5dab73f with a6b4f264-70f6-4bbc-ae6f-1347073217c5
[38;5;0m[HTTP][0m [37m<-- GET /wd/hub/session/a6b4f264-70f6-4bbc-ae6f-1347073217c5/source [39m[32m200[39m [90m389 ms - 8575[39m
[38;5;0m[HTTP][0m [90m[39m
[38;5;0m[HTTP][0m [37m-->[39m [37mGET[39m [37m/wd/hub/session/a6b4f264-70f6-4bbc-ae6f-1347073217c5/screenshot[39m
[38;5;0m[HTTP][0m [90m{}[39m
[38;5;0m[HTTP][0m [37m<-- GET /wd/hub/session/a6b4f264-70f6-4bbc-ae6f-1347073217c5/screenshot [39m[32m200[39m [90m1230 ms - 104344[39m
[38;5;0m[HTTP][0m [90m[39m
[38;5;0m[HTTP][0m [37m-->[39m [37mPOST[39m [37m/wd/hub/session/a6b4f264-70f6-4bbc-ae6f-1347073217c5/elements[39m
[38;5;0m[HTTP][0m [90m{"using":"xpath","value":"//*[@class = 'android.widget.TextView' and (@text = 'Preference' or . = 'Preference') and @resource-id = 'android:id/text1']"}[39m
[38;5;0m[HTTP][0m [37m<-- POST /wd/hub/session/a6b4f264-70f6-4bbc-ae6f-1347073217c5/elements [39m[32m200[39m [90m2009 ms - 139[39m
[38;5;0m[HTTP][0m [90m[39m
[38;5;0m[HTTP][0m [37m-->[39m [37mPOST[39m [37m/wd/hub/session/a6b4f264-70f6-4bbc-ae6f-1347073217c5/timeouts[39m
[38;5;0m[HTTP][0m [90m{"implicit":1000}[39m
[38;5;0m[HTTP][0m [37m<-- POST /wd/hub/session/a6b4f264-70f6-4bbc-ae6f-1347073217c5/timeouts [39m[32m200[39m [90m1 ms - 14[39m
[38;5;0m[HTTP][0m [90m[39m
[38;5;0m[HTTP][0m [37m-->[39m [37mPOST[39m [37m/wd/hub/session/a6b4f264-70f6-4bbc-ae6f-1347073217c5/elements[39m
[38;5;0m[HTTP][0m [90m{"using":"xpath","value":"//*[@class = 'android.widget.TextView' and (@text = 'Preference' or . = 'Preference') and @resource-id = 'android:id/text1']"}[39m
[38;5;0m[HTTP][0m [37m<-- POST /wd/hub/session/a6b4f264-70f6-4bbc-ae6f-1347073217c5/elements [39m[32m200[39m [90m494 ms - 139[39m
[38;5;0m[HTTP][0m [90m[39m
[38;5;0m[HTTP][0m [37m-->[39m [37mGET[39m [37m/wd/hub/session/a6b4f264-70f6-4bbc-ae6f-1347073217c5/element/00000000-0000-0076-ffff-ffff00000011/location[39m
[38;5;0m[HTTP][0m [90m{}[39m
[38;5;48m[AndroidUiautomator2Driver@6f8e (a6b4f264)][0m Driver proxy active, passing request on via HTTP proxy
[38;5;48m[AndroidUiautomator2Driver@6f8e (a6b4f264)][0m Replacing sessionId 632f8df1-0d43-4ad4-b840-ccd3c5dab73f with a6b4f264-70f6-4bbc-ae6f-1347073217c5
[38;5;0m[HTTP][0m [37m<-- GET /wd/hub/session/a6b4f264-70f6-4bbc-ae6f-1347073217c5/element/00000000-0000-0076-ffff-ffff00000011/location [39m[32m200[39m [90m53 ms - 77[39m
[38;5;0m[HTTP][0m [90m[39m
[38;5;0m[HTTP][0m [37m-->[39m [37mGET[39m [37m/wd/hub/session/a6b4f264-70f6-4bbc-ae6f-1347073217c5/element/00000000-0000-0076-ffff-ffff00000011/size[39m
[38;5;0m[HTTP][0m [90m{}[39m
[38;5;48m[AndroidUiautomator2Driver@6f8e (a6b4f264)][0m Driver proxy active, passing request on via HTTP proxy
[38;5;48m[AndroidUiautomator2Driver@6f8e (a6b4f264)][0m Replacing sessionId 632f8df1-0d43-4ad4-b840-ccd3c5dab73f with a6b4f264-70f6-4bbc-ae6f-1347073217c5
[38;5;0m[HTTP][0m [37m<-- GET /wd/hub/session/a6b4f264-70f6-4bbc-ae6f-1347073217c5/element/00000000-0000-0076-ffff-ffff00000011/size [39m[32m200[39m [90m62 ms - 88[39m
[38;5;0m[HTTP][0m [90m[39m
[38;5;0m[HTTP][0m [37m-->[39m [37mGET[39m [37m/wd/hub/session/a6b4f264-70f6-4bbc-ae6f-1347073217c5/source[39m
[38;5;0m[HTTP][0m [90m{}[39m
[38;5;48m[AndroidUiautomator2Driver@6f8e (a6b4f264)][0m Driver proxy active, passing request on via HTTP proxy
[38;5;48m[AndroidUiautomator2Driver@6f8e (a6b4f264)][0m Replacing sessionId 632f8df1-0d43-4ad4-b840-ccd3c5dab73f with a6b4f264-70f6-4bbc-ae6f-1347073217c5
[38;5;0m[HTTP][0m [37m<-- GET /wd/hub/session/a6b4f264-70f6-4bbc-ae6f-1347073217c5/source [39m[32m200[39m [90m345 ms - 7455[39m
[38;5;0m[HTTP][0m [90m[39m
[38;5;0m[HTTP][0m [37m-->[39m [37mGET[39m [37m/wd/hub/session/a6b4f264-70f6-4bbc-ae6f-1347073217c5/screenshot[39m
[38;5;0m[HTTP][0m [90m{}[39m
[38;5;0m[HTTP][0m [37m<-- GET /wd/hub/session/a6b4f264-70f6-4bbc-ae6f-1347073217c5/screenshot [39m[32m200[39m [90m953 ms - 122128[39m
[38;5;0m[HTTP][0m [90m[39m
[38;5;0m[HTTP][0m [37m-->[39m [37mPOST[39m [37m/wd/hub/session/a6b4f264-70f6-4bbc-ae6f-1347073217c5/elements[39m
[38;5;0m[HTTP][0m [90m{"using":"xpath","value":"//*[@class = 'android.widget.TextView' and (@text = '3. Preference dependencies' or . = '3. Preference dependencies') and @resource-id = 'android:id/text1']"}[39m
[38;5;0m[HTTP][0m [37m<-- POST /wd/hub/session/a6b4f264-70f6-4bbc-ae6f-1347073217c5/elements [39m[32m200[39m [90m452 ms - 139[39m
[38;5;0m[HTTP][0m [90m[39m
[38;5;0m[HTTP][0m [37m-->[39m [37mGET[39m [37m/wd/hub/session/a6b4f264-70f6-4bbc-ae6f-1347073217c5/source[39m
[38;5;0m[HTTP][0m [90m{}[39m
[38;5;48m[AndroidUiautomator2Driver@6f8e (a6b4f264)][0m Driver proxy active, passing request on via HTTP proxy
[38;5;48m[AndroidUiautomator2Driver@6f8e (a6b4f264)][0m Replacing sessionId 632f8df1-0d43-4ad4-b840-ccd3c5dab73f with a6b4f264-70f6-4bbc-ae6f-1347073217c5
[38;5;0m[HTTP][0m [37m<-- GET /wd/hub/session/a6b4f264-70f6-4bbc-ae6f-1347073217c5/source [39m[32m200[39m [90m308 ms - 8620[39m
[38;5;0m[HTTP][0m [90m[39m
[38;5;0m[HTTP][0m [37m-->[39m [37mGET[39m [37m/wd/hub/session/a6b4f264-70f6-4bbc-ae6f-1347073217c5/screenshot[39m
[38;5;0m[HTTP][0m [90m{}[39m
[38;5;0m[HTTP][0m [37m<-- GET /wd/hub/session/a6b4f264-70f6-4bbc-ae6f-1347073217c5/screenshot [39m[32m200[39m [90m828 ms - 71664[39m
[38;5;0m[HTTP][0m [90m[39m
[38;5;0m[HTTP][0m [37m-->[39m [37mPOST[39m [37m/wd/hub/session/a6b4f264-70f6-4bbc-ae6f-1347073217c5/elements[39m
[38;5;0m[HTTP][0m [90m{"using":"xpath","value":"//*[@class = 'android.widget.CheckBox' and @resource-id = 'android:id/checkbox' and (@text = '' or . = '')]"}[39m
[38;5;0m[HTTP][0m [37m<-- POST /wd/hub/session/a6b4f264-70f6-4bbc-ae6f-1347073217c5/elements [39m[32m200[39m [90m383 ms - 139[39m
[38;5;0m[HTTP][0m [90m[39m
[38;5;0m[HTTP][0m [37m-->[39m [37mPOST[39m [37m/wd/hub/session/a6b4f264-70f6-4bbc-ae6f-1347073217c5/elements[39m
[38;5;0m[HTTP][0m [90m{"using":"xpath","value":"//*[@class = 'android.widget.RelativeLayout' and (@text = '' or . = '')]"}[39m
[38;5;0m[HTTP][0m [37m<-- POST /wd/hub/session/a6b4f264-70f6-4bbc-ae6f-1347073217c5/elements [39m[32m200[39m [90m453 ms - 267[39m
[38;5;0m[HTTP][0m [90m[39m
[38;5;0m[HTTP][0m [37m-->[39m [37mPOST[39m [37m/wd/hub/session/a6b4f264-70f6-4bbc-ae6f-1347073217c5/elements[39m
[38;5;0m[HTTP][0m [90m{"using":"-android uiautomator","value":"new UiSelector().className(\"android.widget.RelativeLayout\")"}[39m
[38;5;0m[HTTP][0m [37m<-- POST /wd/hub/session/a6b4f264-70f6-4bbc-ae6f-1347073217c5/elements [39m[32m200[39m [90m288 ms - 267[39m
[38;5;0m[HTTP][0m [90m[39m
[38;5;0m[HTTP][0m [37m-->[39m [37mGET[39m [37m/wd/hub/session/a6b4f264-70f6-4bbc-ae6f-1347073217c5/source[39m
[38;5;0m[HTTP][0m [90m{}[39m
[38;5;48m[AndroidUiautomator2Driver@6f8e (a6b4f264)][0m Driver proxy active, passing request on via HTTP proxy
[38;5;48m[AndroidUiautomator2Driver@6f8e (a6b4f264)][0m Replacing sessionId 632f8df1-0d43-4ad4-b840-ccd3c5dab73f with a6b4f264-70f6-4bbc-ae6f-1347073217c5
[38;5;0m[HTTP][0m [37m<-- GET /wd/hub/session/a6b4f264-70f6-4bbc-ae6f-1347073217c5/source [39m[32m200[39m [90m250 ms - 7322[39m
[38;5;0m[HTTP][0m [90m[39m
[38;5;0m[HTTP][0m [37m-->[39m [37mGET[39m [37m/wd/hub/session/a6b4f264-70f6-4bbc-ae6f-1347073217c5/screenshot[39m
[38;5;0m[HTTP][0m [90m{}[39m
[38;5;0m[HTTP][0m [37m<-- GET /wd/hub/session/a6b4f264-70f6-4bbc-ae6f-1347073217c5/screenshot [39m[32m200[39m [90m876 ms - 176064[39m
[38;5;0m[HTTP][0m [90m[39m
[38;5;0m[HTTP][0m [37m-->[39m [37mPOST[39m [37m/wd/hub/session/a6b4f264-70f6-4bbc-ae6f-1347073217c5/elements[39m
[38;5;0m[HTTP][0m [90m{"using":"xpath","value":"//*[@class = 'android.widget.EditText' and @resource-id = 'android:id/edit' and (@text = '' or . = '')]"}[39m
[38;5;0m[HTTP][0m [37m<-- POST /wd/hub/session/a6b4f264-70f6-4bbc-ae6f-1347073217c5/elements [39m[32m200[39m [90m331 ms - 139[39m
[38;5;0m[HTTP][0m [90m[39m
[38;5;0m[HTTP][0m [37m-->[39m [37mPOST[39m [37m/wd/hub/session/a6b4f264-70f6-4bbc-ae6f-1347073217c5/elements[39m
[38;5;0m[HTTP][0m [90m{"using":"xpath","value":"//*[@class = 'android.widget.Button' and (@text = 'OK' or . = 'OK') and @resource-id = 'android:id/button1']"}[39m
[38;5;0m[HTTP][0m [37m<-- POST /wd/hub/session/a6b4f264-70f6-4bbc-ae6f-1347073217c5/elements [39m[32m200[39m [90m285 ms - 139[39m
[38;5;0m[HTTP][0m [90m[39m
